<?xml version="1.0" encoding="utf-8"?><testsuites name="pytest tests"><testsuite name="pytest" errors="0" failures="0" skipped="0" tests="119" time="123.844" timestamp="2026-04-26T08:49:42.746505+00:00" hostname="agent-env-0fcd15d9-7f5e-4906-8026-f8ea77ba0b4a"><testcase classname="backend.tests.test_backend_api.TestHealth" name="test_root" time="0.145" /><testcase classname="backend.tests.test_backend_api.TestHealth" name="test_health" time="0.094" /><testcase classname="backend.tests.test_backend_api.TestAuth" name="test_login_success" time="0.349" /><testcase classname="backend.tests.test_backend_api.TestAuth" name="test_login_invalid_password" time="0.325" /><testcase classname="backend.tests.test_backend_api.TestAuth" name="test_login_invalid_email" time="0.113" /><testcase classname="backend.tests.test_backend_api.TestAuth" name="test_me_with_bearer_token" time="0.423" /><testcase classname="backend.tests.test_backend_api.TestAuth" name="test_me_without_token" time="0.096" /><testcase classname="backend.tests.test_backend_api.TestAuth" name="test_me_with_cookie" time="0.366" /><testcase classname="backend.tests.test_backend_api.TestAuth" name="test_logout" time="0.375" /><testcase classname="backend.tests.test_backend_api.TestPublicEvents" name="test_submit_event_pending" time="0.106" /><testcase classname="backend.tests.test_backend_api.TestPublicEvents" name="test_submit_event_invalid_category" time="0.108" /><testcase classname="backend.tests.test_backend_api.TestPublicEvents" name="test_submit_event_missing_required" time="2.027" /><testcase classname="backend.tests.test_backend_api.TestPublicEvents" name="test_get_pending_event_returns_404" time="0.164" /><testcase classname="backend.tests.test_backend_api.TestPublicEvents" name="test_list_events_only_approved" time="5.120" /><testcase classname="backend.tests.test_backend_api.TestPublicEvents" name="test_get_nonexistent_event" time="0.120" /><testcase classname="backend.tests.test_backend_api.TestAdminEvents" name="test_admin_required_no_auth" time="0.098" /><testcase classname="backend.tests.test_backend_api.TestAdminEvents" name="test_admin_required_no_auth_patch" time="0.099" /><testcase classname="backend.tests.test_backend_api.TestAdminEvents" name="test_admin_required_no_auth_delete" time="0.105" /><testcase classname="backend.tests.test_backend_api.TestAdminEvents" name="test_admin_list_pending" time="0.487" /><testcase classname="backend.tests.test_backend_api.TestAdminEvents" name="test_admin_list_all" time="2.684" /><testcase classname="backend.tests.test_backend_api.TestAdminEvents" name="test_admin_get_event" time="0.485" /><testcase classname="backend.tests.test_backend_api.TestAdminEvents" name="test_admin_approve_then_public_visible" time="4.393" /><testcase classname="backend.tests.test_backend_api.TestAdminEvents" name="test_filter_by_category" time="4.084" /><testcase classname="backend.tests.test_backend_api.TestAdminEvents" name="test_battle_category_rejected" time="0.117" /><testcase classname="backend.tests.test_backend_api.TestAdminEvents" name="test_admin_reject" time="0.532" /><testcase classname="backend.tests.test_backend_api.TestAdminEvents" name="test_admin_delete" time="0.538" /><testcase classname="backend.tests.test_backend_api.TestAdminEvents" name="test_admin_delete_nonexistent" time="0.439" /><testcase classname="backend.tests.test_backend_api.TestAdminEvents" name="test_admin_stats" time="0.445" /><testcase classname="backend.tests.test_backend_api" name="test_cleanup_test_events" time="0.840" /><testcase classname="backend.tests.test_iteration10_event_reminders.TestReminderCreate" name="test_create_reminder_ok" time="4.204" /><testcase classname="backend.tests.test_iteration10_event_reminders.TestReminderCreate" name="test_create_reminder_idempotent" time="4.735" /><testcase classname="backend.tests.test_iteration10_event_reminders.TestReminderCreate" name="test_create_reminder_unknown_event_404" time="0.118" /><testcase classname="backend.tests.test_iteration10_event_reminders.TestReminderCreate" name="test_create_reminder_pending_event_404" time="0.552" /><testcase classname="backend.tests.test_iteration10_event_reminders.TestUnsubscribe" name="test_unsubscribe_invalid_token" time="0.106" /><testcase classname="backend.tests.test_iteration10_event_reminders.TestUnsubscribe" name="test_unsubscribe_valid_token_via_db" time="14.174" /><testcase classname="backend.tests.test_iteration10_event_reminders.TestSendEventRemindersService" name="test_send_event_reminders_returns_shape" time="0.069" /><testcase classname="backend.tests.test_iteration11_country_gallery_translation.TestEventDefaults" name="test_list_events_exposes_country_and_gallery" time="0.125" /><testcase classname="backend.tests.test_iteration11_country_gallery_translation.TestAdminEditCountryGallery" name="test_put_persists_country_and_gallery" time="9.661" /><testcase classname="backend.tests.test_iteration11_country_gallery_translation.TestAdminEditCountryGallery" name="test_put_invalid_country_returns_422" time="0.592" /><testcase classname="backend.tests.test_iteration11_country_gallery_translation.TestAutoTranslation" name="test_post_event_fi_only_triggers_background_translation" time="4.304" /><testcase classname="backend.tests.test_iteration12_image_upload.TestUploadValidPng" name="test_valid_png_returns_201_and_persists" time="0.246" /><testcase classname="backend.tests.test_iteration12_image_upload.TestUploadInvalidType" name="test_text_file_returns_415" time="0.125" /><testcase classname="backend.tests.test_iteration12_image_upload.TestUploadNoFile" name="test_missing_file_returns_422" time="0.115" /><testcase classname="backend.tests.test_iteration12_image_upload.TestUploadTooLarge" name="test_oversize_file_returns_413" time="0.846" /><testcase classname="backend.tests.test_iteration12_image_upload.TestUploadLibrary" name="test_unauthenticated_returns_401" time="0.106" /><testcase classname="backend.tests.test_iteration12_image_upload.TestUploadLibrary" name="test_admin_lists_uploads_sorted_desc" time="1.848" /><testcase classname="backend.tests.test_iteration12_image_upload.TestAdminEditAcceptsRelativeImage" name="test_admin_edit_persists_relative_image_url" time="6.282" /><testcase classname="backend.tests.test_iteration13_gridfs_etpl_countries.TestGridFSUpload" name="test_upload_persists_in_gridfs_not_disk" time="0.231" /><testcase classname="backend.tests.test_iteration13_gridfs_etpl_countries.TestGridFSUpload" name="test_unknown_filename_returns_404" time="0.110" /><testcase classname="backend.tests.test_iteration13_gridfs_etpl_countries.TestGridFSUpload" name="test_admin_list_includes_uploaded" time="0.529" /><testcase classname="backend.tests.test_iteration13_gridfs_etpl_countries.TestCountryExtension" name="test_admin_put_accepts_new_country[IS]" time="10.458" /><testcase classname="backend.tests.test_iteration13_gridfs_etpl_countries.TestCountryExtension" name="test_admin_put_accepts_new_country[LV]" time="5.138" /><testcase classname="backend.tests.test_iteration13_gridfs_etpl_countries.TestCountryExtension" name="test_admin_put_accepts_new_country[LT]" time="4.735" /><testcase classname="backend.tests.test_iteration13_gridfs_etpl_countries.TestCountryExtension" name="test_admin_put_rejects_invalid_country" time="0.655" /><testcase classname="backend.tests.test_iteration13_gridfs_etpl_countries.TestI18nDicts" name="test_i18n_has_et_and_pl_with_nav_and_events" time="0.002" /><testcase classname="backend.tests.test_iteration13_gridfs_etpl_countries.TestI18nDicts" name="test_i18n_top_level_langs_unchanged" time="0.001" /><testcase classname="backend.tests.test_iteration4_past_filter.TestPastFilterEvents" name="test_default_excludes_past_bonk" time="0.118" /><testcase classname="backend.tests.test_iteration4_past_filter.TestPastFilterEvents" name="test_include_past_returns_bonk" time="0.097" /><testcase classname="backend.tests.test_iteration4_past_filter.TestPastFilterEvents" name="test_default_only_future_events" time="0.104" /><testcase classname="backend.tests.test_iteration4_past_filter.TestPastFilterEvents" name="test_icalendar_excludes_past" time="0.099" /><testcase classname="backend.tests.test_iteration4_past_filter.TestTrainingCampCategory" name="test_training_camp_default_only_sleipnir" time="0.094" /><testcase classname="backend.tests.test_iteration4_past_filter.TestTrainingCampCategory" name="test_training_camp_with_past_includes_bonk" time="0.098" /><testcase classname="backend.tests.test_iteration4_past_filter.TestTrainingCampCategory" name="test_battle_category_no_longer_valid" time="0.104" /><testcase classname="backend.tests.test_iteration4_past_filter.TestTrainingCampCategory" name="test_no_event_in_db_has_battle_category" time="0.112" /><testcase classname="backend.tests.test_iteration4_past_filter.TestImageURLsRestored" name="test_no_event_uses_event_images_path" time="0.100" /><testcase classname="backend.tests.test_iteration4_past_filter.TestImageURLsRestored" name="test_specific_seed_image_urls" time="0.117" /><testcase classname="backend.tests.test_iteration4_past_filter.TestNewsletterPreviewExcludesPast" name="test_newsletter_preview_no_bonk" time="0.431" /><testcase classname="backend.tests.test_iteration5_weekly_and_decision_emails.TestAdminAuthGuards" name="test_weekly_preview_requires_auth" time="0.097" /><testcase classname="backend.tests.test_iteration5_weekly_and_decision_emails.TestAdminAuthGuards" name="test_weekly_send_requires_auth" time="0.108" /><testcase classname="backend.tests.test_iteration5_weekly_and_decision_emails.TestWeeklyReportPreview" name="test_preview_returns_expected_shape" time="0.425" /><testcase classname="backend.tests.test_iteration5_weekly_and_decision_emails.TestWeeklyReportPreview" name="test_preview_html_contains_stat_cards" time="0.421" /><testcase classname="backend.tests.test_iteration5_weekly_and_decision_emails.TestWeeklyReportPreview" name="test_preview_subject_starts_with_viikkokatsaus" time="0.490" /><testcase classname="backend.tests.test_iteration5_weekly_and_decision_emails.TestWeeklyReportSend" name="test_send_returns_expected_shape" time="0.650" /><testcase classname="backend.tests.test_iteration5_weekly_and_decision_emails.TestPatchTriggersDecisionEmail" name="test_patch_approved_with_email_returns_200_fast" time="0.584" /><testcase classname="backend.tests.test_iteration5_weekly_and_decision_emails.TestPatchTriggersDecisionEmail" name="test_patch_rejected_with_email_returns_eventout" time="0.581" /><testcase classname="backend.tests.test_iteration5_weekly_and_decision_emails.TestPatchTriggersDecisionEmail" name="test_patch_no_organizer_email_still_succeeds" time="0.607" /><testcase classname="backend.tests.test_iteration5_weekly_and_decision_emails.TestPatchTriggersDecisionEmail" name="test_patch_pending_does_not_crash" time="3.791" /><testcase classname="backend.tests.test_iteration5_weekly_and_decision_emails.TestExistingFlowsRegression" name="test_get_events_still_works" time="0.117" /><testcase classname="backend.tests.test_iteration5_weekly_and_decision_emails.TestExistingFlowsRegression" name="test_monthly_digest_preview_still_works" time="0.428" /><testcase classname="backend.tests.test_iteration5_weekly_and_decision_emails.TestExistingFlowsRegression" name="test_ical_feed_still_works" time="0.121" /><testcase classname="backend.tests.test_iteration7_admin_edit_merchants_guilds.TestPublicMerchantsGuilds" name="test_get_merchants_public" time="0.150" /><testcase classname="backend.tests.test_iteration7_admin_edit_merchants_guilds.TestPublicMerchantsGuilds" name="test_get_guilds_public" time="0.098" /><testcase classname="backend.tests.test_iteration7_admin_edit_merchants_guilds.TestAdminAuthEnforcement" name="test_post_merchant_unauth" time="0.098" /><testcase classname="backend.tests.test_iteration7_admin_edit_merchants_guilds.TestAdminAuthEnforcement" name="test_put_merchant_unauth" time="0.101" /><testcase classname="backend.tests.test_iteration7_admin_edit_merchants_guilds.TestAdminAuthEnforcement" name="test_delete_merchant_unauth" time="0.110" /><testcase classname="backend.tests.test_iteration7_admin_edit_merchants_guilds.TestAdminAuthEnforcement" name="test_post_guild_unauth" time="0.101" /><testcase classname="backend.tests.test_iteration7_admin_edit_merchants_guilds.TestAdminAuthEnforcement" name="test_put_event_unauth" time="0.093" /><testcase classname="backend.tests.test_iteration7_admin_edit_merchants_guilds.TestMerchantCRUD" name="test_merchant_full_lifecycle" time="0.658" /><testcase classname="backend.tests.test_iteration7_admin_edit_merchants_guilds.TestMerchantCRUD" name="test_merchant_update_404" time="0.468" /><testcase classname="backend.tests.test_iteration7_admin_edit_merchants_guilds.TestGuildCRUD" name="test_guild_full_lifecycle" time="0.554" /><testcase classname="backend.tests.test_iteration7_admin_edit_merchants_guilds.TestAdminEventEdit" name="test_full_event_edit_persists" time="3.809" /><testcase classname="backend.tests.test_iteration7_admin_edit_merchants_guilds.TestAdminEventEdit" name="test_put_event_404" time="0.462" /><testcase classname="backend.tests.test_iteration7_admin_edit_merchants_guilds.TestAdminEventEdit" name="test_patch_status_still_works" time="0.510" /><testcase classname="backend.tests.test_newsletter_and_ical.TestICalFeed" name="test_ical_returns_valid_calendar" time="0.101" /><testcase classname="backend.tests.test_newsletter_and_ical.TestICalFeed" name="test_ical_event_fields" time="0.094" /><testcase classname="backend.tests.test_newsletter_and_ical.TestNewsletterSubscribe" name="test_subscribe_new_email" time="0.473" /><testcase classname="backend.tests.test_newsletter_and_ical.TestNewsletterSubscribe" name="test_subscribe_duplicate_returns_already" time="0.148" /><testcase classname="backend.tests.test_newsletter_and_ical.TestNewsletterSubscribe" name="test_subscribe_invalid_email" time="0.098" /><testcase classname="backend.tests.test_newsletter_and_ical.TestNewsletterSubscribe" name="test_unsubscribe_valid_token" time="0.481" /><testcase classname="backend.tests.test_newsletter_and_ical.TestNewsletterSubscribe" name="test_unsubscribe_invalid_token" time="0.109" /><testcase classname="backend.tests.test_newsletter_and_ical.TestAdminNewsletter" name="test_admin_preview" time="0.421" /><testcase classname="backend.tests.test_newsletter_and_ical.TestAdminNewsletter" name="test_admin_preview_requires_auth" time="0.100" /><testcase classname="backend.tests.test_newsletter_and_ical.TestAdminNewsletter" name="test_admin_send_newsletter" time="1.660" /><testcase classname="backend.tests.test_newsletter_and_ical.TestAdminNewsletter" name="test_admin_send_requires_auth" time="0.100" /><testcase classname="backend.tests.test_newsletter_and_ical.TestAdminNewsletter" name="test_admin_subscribers_requires_auth" time="0.100" /><testcase classname="backend.tests.test_newsletter_and_ical.TestAdminStatsSubscribers" name="test_stats_has_subscribers_field" time="0.447" /><testcase classname="backend.tests.test_newsletter_and_ical.TestNotifyAdminBackground" name="test_submit_event_returns_201_even_if_email_fails" time="0.470" /><testcase classname="backend.tests.test_newsletter_and_ical.TestSeededEventImages" name="test_all_seeded_events_have_image_url" time="0.100" /><testcase classname="backend.tests.test_newsletter_and_ical.TestSeededEventImages" name="test_sleipnir_image_specifics" time="0.109" /><testcase classname="backend.tests.test_newsletter_and_ical" name="test_zz_cleanup_test_subscribers" time="0.003" /><testcase classname="backend.tests.test_seeded_and_new_fields.TestSeededEvents" name="test_all_12_seeded_titles_present_and_approved" time="0.125" /><testcase classname="backend.tests.test_seeded_and_new_fields.TestSeededEvents" name="test_bonk_audience_and_fight_style" time="0.095" /><testcase classname="backend.tests.test_seeded_and_new_fields.TestSeededEvents" name="test_vahakyro_audience_and_fight_style" time="0.111" /><testcase classname="backend.tests.test_seeded_and_new_fields.TestSeededEvents" name="test_seeded_events_have_audience_and_fight_style_fields" time="0.109" /><testcase classname="backend.tests.test_seeded_and_new_fields.TestSeededEvents" name="test_seed_no_internal_seed_slug_leaked" time="0.101" /><testcase classname="backend.tests.test_seeded_and_new_fields.TestSeededEvents" name="test_calendar_range_april_to_august_2026" time="0.106" /><testcase classname="backend.tests.test_seeded_and_new_fields.TestSubmitNewFields" name="test_submit_with_audience_and_fight_style" time="5.226" /><testcase classname="backend.tests.test_seeded_and_new_fields.TestSubmitNewFields" name="test_submit_without_audience_fight_style_defaults_to_empty" time="0.120" /><testcase classname="backend.tests.test_seeded_and_new_fields.TestSubmitNewFields" name="test_seed_slug_is_ignored_on_public_submit" time="0.101" /></testsuite></testsuites>