<?xml version="1.0" encoding="utf-8"?><testsuites name="pytest tests"><testsuite name="pytest" errors="0" failures="1" skipped="0" tests="4" time="52.651" timestamp="2026-04-26T07:27:14.247384+00:00" hostname="agent-env-0fcd15d9-7f5e-4906-8026-f8ea77ba0b4a"><testcase classname="backend.tests.test_iteration11_country_gallery_translation.TestEventDefaults" name="test_list_events_exposes_country_and_gallery" time="0.326" /><testcase classname="backend.tests.test_iteration11_country_gallery_translation.TestAdminEditCountryGallery" name="test_put_persists_country_and_gallery" time="11.668" /><testcase classname="backend.tests.test_iteration11_country_gallery_translation.TestAdminEditCountryGallery" name="test_put_invalid_country_returns_422" time="9.665" /><testcase classname="backend.tests.test_iteration11_country_gallery_translation.TestAutoTranslation" name="test_post_event_fi_only_triggers_background_translation" time="30.926"><failure message="AssertionError: Background translation did not populate title_en/title_sv/description_en/description_sv within 25s&#10;assert None is not None">backend/tests/test_iteration11_country_gallery_translation.py:173: in test_post_event_fi_only_triggers_background_translation
    assert translated is not None, (
E   AssertionError: Background translation did not populate title_en/title_sv/description_en/description_sv within 25s
E   assert None is not None</failure></testcase></testsuite></testsuites>