<?xml version="1.0" encoding="utf-8"?><testsuites name="pytest tests"><testsuite name="pytest" errors="0" failures="0" skipped="0" tests="7" time="3.085" timestamp="2026-04-25T17:17:04.857373+00:00" hostname="agent-env-0fcd15d9-7f5e-4906-8026-f8ea77ba0b4a"><testcase classname="backend.tests.test_iteration10_event_reminders.TestReminderCreate" name="test_create_reminder_ok" time="0.674" /><testcase classname="backend.tests.test_iteration10_event_reminders.TestReminderCreate" name="test_create_reminder_idempotent" time="0.702" /><testcase classname="backend.tests.test_iteration10_event_reminders.TestReminderCreate" name="test_create_reminder_unknown_event_404" time="0.124" /><testcase classname="backend.tests.test_iteration10_event_reminders.TestReminderCreate" name="test_create_reminder_pending_event_404" time="0.555" /><testcase classname="backend.tests.test_iteration10_event_reminders.TestUnsubscribe" name="test_unsubscribe_invalid_token" time="0.110" /><testcase classname="backend.tests.test_iteration10_event_reminders.TestUnsubscribe" name="test_unsubscribe_valid_token_via_db" time="0.813" /><testcase classname="backend.tests.test_iteration10_event_reminders.TestSendEventRemindersService" name="test_send_event_reminders_returns_shape" time="0.074" /></testsuite></testsuites>