<?xml version="1.0" encoding="utf-8"?><testsuites name="pytest tests"><testsuite name="pytest" errors="0" failures="0" skipped="0" tests="7" time="8.914" timestamp="2026-04-26T08:18:07.851755+00:00" hostname="agent-env-0fcd15d9-7f5e-4906-8026-f8ea77ba0b4a"><testcase classname="backend.tests.test_iteration12_image_upload.TestUploadValidPng" name="test_valid_png_returns_201_and_persists" time="0.470" /><testcase classname="backend.tests.test_iteration12_image_upload.TestUploadInvalidType" name="test_text_file_returns_415" time="0.115" /><testcase classname="backend.tests.test_iteration12_image_upload.TestUploadNoFile" name="test_missing_file_returns_422" time="0.135" /><testcase classname="backend.tests.test_iteration12_image_upload.TestUploadTooLarge" name="test_oversize_file_returns_413" time="0.864" /><testcase classname="backend.tests.test_iteration12_image_upload.TestUploadLibrary" name="test_unauthenticated_returns_401" time="0.115" /><testcase classname="backend.tests.test_iteration12_image_upload.TestUploadLibrary" name="test_admin_lists_uploads_sorted_desc" time="1.895" /><testcase classname="backend.tests.test_iteration12_image_upload.TestAdminEditAcceptsRelativeImage" name="test_admin_edit_persists_relative_image_url" time="5.279" /></testsuite></testsuites>