<?xml version="1.0" encoding="utf-8"?><testsuites name="pytest tests"><testsuite name="pytest" errors="0" failures="0" skipped="0" tests="22" time="5.319" timestamp="2026-04-30T16:06:06.156978+00:00" hostname="agent-env-0fcd15d9-7f5e-4906-8026-f8ea77ba0b4a"><testcase classname="backend.tests.test_iteration14_merchant_cards.TestMerchantsUnion" name="test_union_returns_legacy_plus_user_cards" time="0.151" /><testcase classname="backend.tests.test_iteration14_merchant_cards.TestMerchantsUnion" name="test_expired_card_excluded" time="0.122" /><testcase classname="backend.tests.test_iteration14_merchant_cards.TestMerchantDetail" name="test_enabled_user_card_returns_detail" time="0.114" /><testcase classname="backend.tests.test_iteration14_merchant_cards.TestMerchantDetail" name="test_legacy_merchant_id_returns_404" time="0.220" /><testcase classname="backend.tests.test_iteration14_merchant_cards.TestMerchantDetail" name="test_unknown_id_returns_404" time="0.115" /><testcase classname="backend.tests.test_iteration14_merchant_cards.TestAuthMePayload" name="test_login_includes_merchant_card_and_favorites" time="0.338" /><testcase classname="backend.tests.test_iteration14_merchant_cards.TestAuthMePayload" name="test_me_includes_merchant_card" time="0.485" /><testcase classname="backend.tests.test_iteration14_merchant_cards.TestOwnerMerchantCard" name="test_get_my_card" time="0.065" /><testcase classname="backend.tests.test_iteration14_merchant_cards.TestOwnerMerchantCard" name="test_put_updates_fields_and_persists" time="0.234" /><testcase classname="backend.tests.test_iteration14_merchant_cards.TestOwnerMerchantCard" name="test_put_rejects_description_over_1000" time="0.055" /><testcase classname="backend.tests.test_iteration14_merchant_cards.TestOwnerMerchantCard" name="test_put_rejects_empty_shop_name" time="0.059" /><testcase classname="backend.tests.test_iteration14_merchant_cards.TestOwnerMerchantCard" name="test_put_requires_auth" time="0.113" /><testcase classname="backend.tests.test_iteration14_merchant_cards.TestMerchantCardImage" name="test_upload_valid_png" time="0.321" /><testcase classname="backend.tests.test_iteration14_merchant_cards.TestMerchantCardImage" name="test_upload_rejects_non_image" time="0.120" /><testcase classname="backend.tests.test_iteration14_merchant_cards.TestMerchantCardImage" name="test_upload_rejects_oversize" time="0.326" /><testcase classname="backend.tests.test_iteration14_merchant_cards.TestFavoriteMerchants" name="test_full_flow" time="0.487" /><testcase classname="backend.tests.test_iteration14_merchant_cards.TestFavoriteMerchants" name="test_unauthenticated_rejected" time="0.174" /><testcase classname="backend.tests.test_iteration14_merchant_cards.TestAdminMerchantCards" name="test_list_endpoint" time="0.681" /><testcase classname="backend.tests.test_iteration14_merchant_cards.TestAdminMerchantCards" name="test_unauth_list_rejected" time="0.121" /><testcase classname="backend.tests.test_iteration14_merchant_cards.TestAdminMerchantCards" name="test_enable_and_toggle_featured" time="0.263" /><testcase classname="backend.tests.test_iteration14_merchant_cards.TestAdminMerchantCards" name="test_disable_blocks_owner_put_then_reenable" time="0.510" /><testcase classname="backend.tests.test_iteration14_merchant_cards.TestExpirySweep" name="test_backdated_card_filtered_from_list" time="0.142" /></testsuite></testsuites>