<?xml version="1.0" encoding="utf-8"?><testsuites name="pytest tests"><testsuite name="pytest" errors="0" failures="0" skipped="0" tests="28" time="9.121" timestamp="2026-04-25T11:38:50.239685+00:00" hostname="agent-env-0fcd15d9-7f5e-4906-8026-f8ea77ba0b4a"><testcase classname="backend.tests.test_backend_api.TestHealth" name="test_root" time="0.278" /><testcase classname="backend.tests.test_backend_api.TestHealth" name="test_health" time="0.099" /><testcase classname="backend.tests.test_backend_api.TestAuth" name="test_login_success" time="0.333" /><testcase classname="backend.tests.test_backend_api.TestAuth" name="test_login_invalid_password" time="0.331" /><testcase classname="backend.tests.test_backend_api.TestAuth" name="test_login_invalid_email" time="0.148" /><testcase classname="backend.tests.test_backend_api.TestAuth" name="test_me_with_bearer_token" time="0.469" /><testcase classname="backend.tests.test_backend_api.TestAuth" name="test_me_without_token" time="0.116" /><testcase classname="backend.tests.test_backend_api.TestAuth" name="test_me_with_cookie" time="0.406" /><testcase classname="backend.tests.test_backend_api.TestAuth" name="test_logout" time="0.408" /><testcase classname="backend.tests.test_backend_api.TestPublicEvents" name="test_submit_event_pending" time="0.105" /><testcase classname="backend.tests.test_backend_api.TestPublicEvents" name="test_submit_event_invalid_category" time="0.108" /><testcase classname="backend.tests.test_backend_api.TestPublicEvents" name="test_submit_event_missing_required" time="0.118" /><testcase classname="backend.tests.test_backend_api.TestPublicEvents" name="test_get_pending_event_returns_404" time="0.149" /><testcase classname="backend.tests.test_backend_api.TestPublicEvents" name="test_list_events_only_approved" time="0.152" /><testcase classname="backend.tests.test_backend_api.TestPublicEvents" name="test_get_nonexistent_event" time="0.101" /><testcase classname="backend.tests.test_backend_api.TestAdminEvents" name="test_admin_required_no_auth" time="0.116" /><testcase classname="backend.tests.test_backend_api.TestAdminEvents" name="test_admin_required_no_auth_patch" time="0.103" /><testcase classname="backend.tests.test_backend_api.TestAdminEvents" name="test_admin_required_no_auth_delete" time="0.102" /><testcase classname="backend.tests.test_backend_api.TestAdminEvents" name="test_admin_list_pending" time="0.544" /><testcase classname="backend.tests.test_backend_api.TestAdminEvents" name="test_admin_list_all" time="0.431" /><testcase classname="backend.tests.test_backend_api.TestAdminEvents" name="test_admin_get_event" time="0.540" /><testcase classname="backend.tests.test_backend_api.TestAdminEvents" name="test_admin_approve_then_public_visible" time="0.574" /><testcase classname="backend.tests.test_backend_api.TestAdminEvents" name="test_filter_by_category" time="0.580" /><testcase classname="backend.tests.test_backend_api.TestAdminEvents" name="test_admin_reject" time="0.527" /><testcase classname="backend.tests.test_backend_api.TestAdminEvents" name="test_admin_delete" time="0.550" /><testcase classname="backend.tests.test_backend_api.TestAdminEvents" name="test_admin_delete_nonexistent" time="0.441" /><testcase classname="backend.tests.test_backend_api.TestAdminEvents" name="test_admin_stats" time="0.440" /><testcase classname="backend.tests.test_backend_api" name="test_cleanup_test_events" time="0.777" /></testsuite></testsuites>