<?xml version="1.0" encoding="utf-8"?><testsuites name="pytest tests"><testsuite name="pytest" errors="0" failures="0" skipped="0" tests="79" time="23.932" timestamp="2026-04-25T14:16:41.728711+00:00" hostname="agent-env-0fcd15d9-7f5e-4906-8026-f8ea77ba0b4a"><testcase classname="tests.test_backend_api.TestHealth" name="test_root" time="0.272" /><testcase classname="tests.test_backend_api.TestHealth" name="test_health" time="0.104" /><testcase classname="tests.test_backend_api.TestAuth" name="test_login_success" time="0.373" /><testcase classname="tests.test_backend_api.TestAuth" name="test_login_invalid_password" time="0.384" /><testcase classname="tests.test_backend_api.TestAuth" name="test_login_invalid_email" time="0.109" /><testcase classname="tests.test_backend_api.TestAuth" name="test_me_with_bearer_token" time="0.516" /><testcase classname="tests.test_backend_api.TestAuth" name="test_me_without_token" time="0.118" /><testcase classname="tests.test_backend_api.TestAuth" name="test_me_with_cookie" time="0.408" /><testcase classname="tests.test_backend_api.TestAuth" name="test_logout" time="0.383" /><testcase classname="tests.test_backend_api.TestPublicEvents" name="test_submit_event_pending" time="0.182" /><testcase classname="tests.test_backend_api.TestPublicEvents" name="test_submit_event_invalid_category" time="0.147" /><testcase classname="tests.test_backend_api.TestPublicEvents" name="test_submit_event_missing_required" time="0.107" /><testcase classname="tests.test_backend_api.TestPublicEvents" name="test_get_pending_event_returns_404" time="0.151" /><testcase classname="tests.test_backend_api.TestPublicEvents" name="test_list_events_only_approved" time="0.152" /><testcase classname="tests.test_backend_api.TestPublicEvents" name="test_get_nonexistent_event" time="0.115" /><testcase classname="tests.test_backend_api.TestAdminEvents" name="test_admin_required_no_auth" time="0.108" /><testcase classname="tests.test_backend_api.TestAdminEvents" name="test_admin_required_no_auth_patch" time="0.104" /><testcase classname="tests.test_backend_api.TestAdminEvents" name="test_admin_required_no_auth_delete" time="0.111" /><testcase classname="tests.test_backend_api.TestAdminEvents" name="test_admin_list_pending" time="0.486" /><testcase classname="tests.test_backend_api.TestAdminEvents" name="test_admin_list_all" time="0.444" /><testcase classname="tests.test_backend_api.TestAdminEvents" name="test_admin_get_event" time="0.541" /><testcase classname="tests.test_backend_api.TestAdminEvents" name="test_admin_approve_then_public_visible" time="0.599" /><testcase classname="tests.test_backend_api.TestAdminEvents" name="test_filter_by_category" time="0.583" /><testcase classname="tests.test_backend_api.TestAdminEvents" name="test_battle_category_rejected" time="0.106" /><testcase classname="tests.test_backend_api.TestAdminEvents" name="test_admin_reject" time="0.545" /><testcase classname="tests.test_backend_api.TestAdminEvents" name="test_admin_delete" time="0.575" /><testcase classname="tests.test_backend_api.TestAdminEvents" name="test_admin_delete_nonexistent" time="0.444" /><testcase classname="tests.test_backend_api.TestAdminEvents" name="test_admin_stats" time="0.437" /><testcase classname="tests.test_backend_api" name="test_cleanup_test_events" time="0.927" /><testcase classname="tests.test_iteration4_past_filter.TestPastFilterEvents" name="test_default_excludes_past_bonk" time="0.105" /><testcase classname="tests.test_iteration4_past_filter.TestPastFilterEvents" name="test_include_past_returns_bonk" time="0.125" /><testcase classname="tests.test_iteration4_past_filter.TestPastFilterEvents" name="test_default_only_future_events" time="0.108" /><testcase classname="tests.test_iteration4_past_filter.TestPastFilterEvents" name="test_icalendar_excludes_past" time="0.109" /><testcase classname="tests.test_iteration4_past_filter.TestTrainingCampCategory" name="test_training_camp_default_only_sleipnir" time="0.107" /><testcase classname="tests.test_iteration4_past_filter.TestTrainingCampCategory" name="test_training_camp_with_past_includes_bonk" time="0.111" /><testcase classname="tests.test_iteration4_past_filter.TestTrainingCampCategory" name="test_battle_category_no_longer_valid" time="0.142" /><testcase classname="tests.test_iteration4_past_filter.TestTrainingCampCategory" name="test_no_event_in_db_has_battle_category" time="0.098" /><testcase classname="tests.test_iteration4_past_filter.TestImageURLsRestored" name="test_no_event_uses_event_images_path" time="0.105" /><testcase classname="tests.test_iteration4_past_filter.TestImageURLsRestored" name="test_specific_seed_image_urls" time="0.100" /><testcase classname="tests.test_iteration4_past_filter.TestNewsletterPreviewExcludesPast" name="test_newsletter_preview_no_bonk" time="0.448" /><testcase classname="tests.test_iteration5_weekly_and_decision_emails.TestAdminAuthGuards" name="test_weekly_preview_requires_auth" time="0.110" /><testcase classname="tests.test_iteration5_weekly_and_decision_emails.TestAdminAuthGuards" name="test_weekly_send_requires_auth" time="0.106" /><testcase classname="tests.test_iteration5_weekly_and_decision_emails.TestWeeklyReportPreview" name="test_preview_returns_expected_shape" time="0.438" /><testcase classname="tests.test_iteration5_weekly_and_decision_emails.TestWeeklyReportPreview" name="test_preview_html_contains_stat_cards" time="0.448" /><testcase classname="tests.test_iteration5_weekly_and_decision_emails.TestWeeklyReportPreview" name="test_preview_subject_starts_with_viikkokatsaus" time="0.440" /><testcase classname="tests.test_iteration5_weekly_and_decision_emails.TestWeeklyReportSend" name="test_send_returns_expected_shape" time="0.646" /><testcase classname="tests.test_iteration5_weekly_and_decision_emails.TestPatchTriggersDecisionEmail" name="test_patch_approved_with_email_returns_200_fast" time="0.604" /><testcase classname="tests.test_iteration5_weekly_and_decision_emails.TestPatchTriggersDecisionEmail" name="test_patch_rejected_with_email_returns_eventout" time="0.586" /><testcase classname="tests.test_iteration5_weekly_and_decision_emails.TestPatchTriggersDecisionEmail" name="test_patch_no_organizer_email_still_succeeds" time="0.599" /><testcase classname="tests.test_iteration5_weekly_and_decision_emails.TestPatchTriggersDecisionEmail" name="test_patch_pending_does_not_crash" time="0.708" /><testcase classname="tests.test_iteration5_weekly_and_decision_emails.TestExistingFlowsRegression" name="test_get_events_still_works" time="0.121" /><testcase classname="tests.test_iteration5_weekly_and_decision_emails.TestExistingFlowsRegression" name="test_monthly_digest_preview_still_works" time="0.438" /><testcase classname="tests.test_iteration5_weekly_and_decision_emails.TestExistingFlowsRegression" name="test_ical_feed_still_works" time="0.116" /><testcase classname="tests.test_newsletter_and_ical.TestICalFeed" name="test_ical_returns_valid_calendar" time="0.145" /><testcase classname="tests.test_newsletter_and_ical.TestICalFeed" name="test_ical_event_fields" time="0.110" /><testcase classname="tests.test_newsletter_and_ical.TestNewsletterSubscribe" name="test_subscribe_new_email" time="0.495" /><testcase classname="tests.test_newsletter_and_ical.TestNewsletterSubscribe" name="test_subscribe_duplicate_returns_already" time="0.153" /><testcase classname="tests.test_newsletter_and_ical.TestNewsletterSubscribe" name="test_subscribe_invalid_email" time="0.108" /><testcase classname="tests.test_newsletter_and_ical.TestNewsletterSubscribe" name="test_unsubscribe_valid_token" time="0.579" /><testcase classname="tests.test_newsletter_and_ical.TestNewsletterSubscribe" name="test_unsubscribe_invalid_token" time="0.118" /><testcase classname="tests.test_newsletter_and_ical.TestAdminNewsletter" name="test_admin_preview" time="0.468" /><testcase classname="tests.test_newsletter_and_ical.TestAdminNewsletter" name="test_admin_preview_requires_auth" time="0.110" /><testcase classname="tests.test_newsletter_and_ical.TestAdminNewsletter" name="test_admin_send_newsletter" time="1.928" /><testcase classname="tests.test_newsletter_and_ical.TestAdminNewsletter" name="test_admin_send_requires_auth" time="0.140" /><testcase classname="tests.test_newsletter_and_ical.TestAdminNewsletter" name="test_admin_subscribers_requires_auth" time="0.107" /><testcase classname="tests.test_newsletter_and_ical.TestAdminStatsSubscribers" name="test_stats_has_subscribers_field" time="0.434" /><testcase classname="tests.test_newsletter_and_ical.TestNotifyAdminBackground" name="test_submit_event_returns_201_even_if_email_fails" time="0.574" /><testcase classname="tests.test_newsletter_and_ical.TestSeededEventImages" name="test_all_seeded_events_have_image_url" time="0.114" /><testcase classname="tests.test_newsletter_and_ical.TestSeededEventImages" name="test_sleipnir_image_specifics" time="0.115" /><testcase classname="tests.test_newsletter_and_ical" name="test_zz_cleanup_test_subscribers" time="0.004" /><testcase classname="tests.test_seeded_and_new_fields.TestSeededEvents" name="test_all_12_seeded_titles_present_and_approved" time="0.109" /><testcase classname="tests.test_seeded_and_new_fields.TestSeededEvents" name="test_bonk_audience_and_fight_style" time="0.135" /><testcase classname="tests.test_seeded_and_new_fields.TestSeededEvents" name="test_vahakyro_audience_and_fight_style" time="0.111" /><testcase classname="tests.test_seeded_and_new_fields.TestSeededEvents" name="test_seeded_events_have_audience_and_fight_style_fields" time="0.113" /><testcase classname="tests.test_seeded_and_new_fields.TestSeededEvents" name="test_seed_no_internal_seed_slug_leaked" time="0.130" /><testcase classname="tests.test_seeded_and_new_fields.TestSeededEvents" name="test_calendar_range_april_to_august_2026" time="0.117" /><testcase classname="tests.test_seeded_and_new_fields.TestSubmitNewFields" name="test_submit_with_audience_and_fight_style" time="0.638" /><testcase classname="tests.test_seeded_and_new_fields.TestSubmitNewFields" name="test_submit_without_audience_fight_style_defaults_to_empty" time="0.149" /><testcase classname="tests.test_seeded_and_new_fields.TestSubmitNewFields" name="test_seed_slug_is_ignored_on_public_submit" time="0.116" /></testsuite></testsuites>